生成启动时间为 2021/4/20 20:45:00。
     1>项目“D:\c语言\编程代码\string_0420\string_0420.vcxproj”在节点 2 上(Build 个目标)。
     1>ClCompile:
         D:\c语言\VC\bin\CL.exe /c /ZI /nologo /W3 /WX- /sdl /Od /Oy- /D _MBCS /Gm /EHsc /RTC1 /MDd /GS /fp:precise /Zc:wchar_t /Zc:forScope /Zc:inline /Fo"Debug\\" /Fd"Debug\vc140.pdb" /Gd /TP /analyze- /errorReport:prompt string.cpp
         string.cpp
     1>d:\c语言\编程代码\string_0420\string.cpp(21): error C2679: 二进制“<<”: 没有找到接受“zwh::string”类型的右操作数的运算符(或没有可接受的转换)
         d:\c语言\vc\include\ostream(497): note: 可能是“std::basic_ostream<char,std::char_traits<char>> &std::basic_ostream<char,std::char_traits<char>>::operator <<(std::basic_streambuf<char,std::char_traits<char>> *)”
         d:\c语言\vc\include\ostream(477): note: 或  “std::basic_ostream<char,std::char_traits<char>> &std::basic_ostream<char,std::char_traits<char>>::operator <<(const void *)”
         d:\c语言\vc\include\ostream(457): note: 或  “std::basic_ostream<char,std::char_traits<char>> &std::basic_ostream<char,std::char_traits<char>>::operator <<(long double)”
         d:\c语言\vc\include\ostream(437): note: 或  “std::basic_ostream<char,std::char_traits<char>> &std::basic_ostream<char,std::char_traits<char>>::operator <<(double)”
         d:\c语言\vc\include\ostream(417): note: 或  “std::basic_ostream<char,std::char_traits<char>> &std::basic_ostream<char,std::char_traits<char>>::operator <<(float)”
         d:\c语言\vc\include\ostream(396): note: 或  “std::basic_ostream<char,std::char_traits<char>> &std::basic_ostream<char,std::char_traits<char>>::operator <<(unsigned __int64)”
         d:\c语言\vc\include\ostream(376): note: 或  “std::basic_ostream<char,std::char_traits<char>> &std::basic_ostream<char,std::char_traits<char>>::operator <<(__int64)”
         d:\c语言\vc\include\ostream(355): note: 或  “std::basic_ostream<char,std::char_traits<char>> &std::basic_ostream<char,std::char_traits<char>>::operator <<(unsigned long)”
         d:\c语言\vc\include\ostream(335): note: 或  “std::basic_ostream<char,std::char_traits<char>> &std::basic_ostream<char,std::char_traits<char>>::operator <<(long)”
         d:\c语言\vc\include\ostream(315): note: 或  “std::basic_ostream<char,std::char_traits<char>> &std::basic_ostream<char,std::char_traits<char>>::operator <<(unsigned int)”
         d:\c语言\vc\include\ostream(290): note: 或  “std::basic_ostream<char,std::char_traits<char>> &std::basic_ostream<char,std::char_traits<char>>::operator <<(int)”
         d:\c语言\vc\include\ostream(270): note: 或  “std::basic_ostream<char,std::char_traits<char>> &std::basic_ostream<char,std::char_traits<char>>::operator <<(unsigned short)”
         d:\c语言\vc\include\ostream(236): note: 或  “std::basic_ostream<char,std::char_traits<char>> &std::basic_ostream<char,std::char_traits<char>>::operator <<(short)”
         d:\c语言\vc\include\ostream(216): note: 或  “std::basic_ostream<char,std::char_traits<char>> &std::basic_ostream<char,std::char_traits<char>>::operator <<(bool)”
         d:\c语言\vc\include\ostream(209): note: 或  “std::basic_ostream<char,std::char_traits<char>> &std::basic_ostream<char,std::char_traits<char>>::operator <<(std::ios_base &(__cdecl *)(std::ios_base &))”
         d:\c语言\vc\include\ostream(202): note: 或  “std::basic_ostream<char,std::char_traits<char>> &std::basic_ostream<char,std::char_traits<char>>::operator <<(std::basic_ios<char,std::char_traits<char>> &(__cdecl *)(std::basic_ios<char,std::char_traits<char>> &))”
         d:\c语言\vc\include\ostream(196): note: 或  “std::basic_ostream<char,std::char_traits<char>> &std::basic_ostream<char,std::char_traits<char>>::operator <<(std::basic_ostream<char,std::char_traits<char>> &(__cdecl *)(std::basic_ostream<char,std::char_traits<char>> &))”
         d:\c语言\vc\include\ostream(1021): note: 或  “std::basic_ostream<char,std::char_traits<char>> &std::operator <<<char,std::char_traits<char>>(std::basic_ostream<char,std::char_traits<char>> &,const std::error_code &)”
         d:\c语言\vc\include\ostream(983): note: 或  “std::basic_ostream<char,std::char_traits<char>> &std::operator <<<char,std::char_traits<char>,zwh::string>(std::basic_ostream<char,std::char_traits<char>> &&,const _Ty &)”
                 with
                 [
                     _Ty=zwh::string
                 ]
         d:\c语言\vc\include\ostream(973): note: 或  “std::basic_ostream<char,std::char_traits<char>> &std::operator <<<std::char_traits<char>>(std::basic_ostream<char,std::char_traits<char>> &,unsigned char)”
         d:\c语言\vc\include\ostream(966): note: 或  “std::basic_ostream<char,std::char_traits<char>> &std::operator <<<std::char_traits<char>>(std::basic_ostream<char,std::char_traits<char>> &,const unsigned char *)”
         d:\c语言\vc\include\ostream(959): note: 或  “std::basic_ostream<char,std::char_traits<char>> &std::operator <<<std::char_traits<char>>(std::basic_ostream<char,std::char_traits<char>> &,signed char)”
         d:\c语言\vc\include\ostream(952): note: 或  “std::basic_ostream<char,std::char_traits<char>> &std::operator <<<std::char_traits<char>>(std::basic_ostream<char,std::char_traits<char>> &,const signed char *)”
         d:\c语言\vc\include\ostream(826): note: 或  “std::basic_ostream<char,std::char_traits<char>> &std::operator <<<std::char_traits<char>>(std::basic_ostream<char,std::char_traits<char>> &,char)”
         d:\c语言\vc\include\ostream(779): note: 或  “std::basic_ostream<char,std::char_traits<char>> &std::operator <<<std::char_traits<char>>(std::basic_ostream<char,std::char_traits<char>> &,const char *)”
         d:\c语言\vc\include\ostream(741): note: 或  “std::basic_ostream<char,std::char_traits<char>> &std::operator <<<char,std::char_traits<char>>(std::basic_ostream<char,std::char_traits<char>> &,char)”
         d:\c语言\vc\include\ostream(694): note: 或  “std::basic_ostream<char,std::char_traits<char>> &std::operator <<<char,std::char_traits<char>>(std::basic_ostream<char,std::char_traits<char>> &,const char *)”
         d:\c语言\编程代码\string_0420\string.cpp(21): note: 尝试匹配参数列表“(std::ostream, zwh::string)”时
     1>已完成生成项目“D:\c语言\编程代码\string_0420\string_0420.vcxproj”(Build 个目标)的操作 - 失败。

生成失败。

已用时间 00:00:01.26
